INFO 2021-09-22 22:18:47 :: 

INFO 2021-09-22 22:18:47 :: ----> New download processing
INFO 2021-09-22 22:18:47 :: Download source: NOMADS
INFO 2021-09-22 22:18:47 :: Target file: /Users/leecarlaw/scripts/meso/IO/data/2021-09-23/02/rap.t02z.awp130bgrbf01.grib2
INFO 2021-09-22 22:18:47 :: Download source: NOMADS
INFO 2021-09-22 22:18:47 :: Target file: /Users/leecarlaw/scripts/meso/IO/data/2021-09-23/02/rap.t02z.awp130bgrbf02.grib2
INFO 2021-09-22 22:18:53 :: CMD /usr/local/bin/wgrib2 /Users/leecarlaw/scripts/meso/IO/data/2021-09-23/02/rap.t02z.awp130bgrbf01.grib2 -new_grid lambert:262.5:38.5 -105:240:13545.000000 25:210:13545.000000 /Users/leecarlaw/scripts/meso/IO/data/2021-09-23/02/rap.t02z.awp130bgrbf01.grib2.reduced
INFO 2021-09-22 22:18:53 :: CMD /usr/local/bin/wgrib2 /Users/leecarlaw/scripts/meso/IO/data/2021-09-23/02/rap.t02z.awp130bgrbf02.grib2 -new_grid lambert:262.5:38.5 -105:240:13545.000000 25:210:13545.000000 /Users/leecarlaw/scripts/meso/IO/data/2021-09-23/02/rap.t02z.awp130bgrbf02.grib2.reduced
INFO 2021-09-22 22:19:04 :: Removed /Users/leecarlaw/scripts/meso/IO/data/2021-09-23/02/rap.t02z.awp130bgrbf01.grib2
INFO 2021-09-22 22:19:04 :: Removed /Users/leecarlaw/scripts/meso/IO/data/2021-09-23/02/rap.t02z.awp130bgrbf02.grib2
INFO 2021-09-22 22:19:04 :: Success downloading files
INFO 2021-09-22 22:19:57 :: 

INFO 2021-09-22 22:19:57 :: ----> New download processing
ERROR 2021-09-22 22:19:57 :: Bad model type passed
INFO 2021-09-22 22:21:03 :: 

INFO 2021-09-22 22:21:03 :: ----> New download processing
INFO 2021-09-22 22:22:02 :: 

INFO 2021-09-22 22:22:02 :: ----> New download processing
WARNING 2021-09-22 22:22:02 :: Only 1 hour of forecast data available. Setting -n to 1
INFO 2021-09-22 22:22:06 :: Target file: /Users/leecarlaw/scripts/meso/IO/data/2019-01-01/02/rap.t02z.awp130bgrbf01.grib2
ERROR 2021-09-22 22:22:06 :: Some or all requested data was not found. Check user inputs.
ERROR 2021-09-22 22:22:06 :: Expected 1 files but found 0
INFO 2021-09-22 22:22:47 :: 

INFO 2021-09-22 22:22:47 :: ----> New download processing
INFO 2021-09-22 22:22:47 :: Download source: GOOGLE
INFO 2021-09-22 22:22:47 :: Target file: /Users/leecarlaw/scripts/meso/IO/data/2019-01-01/02/hrrr.t02z.wrfnatf01.grib2
INFO 2021-09-22 22:23:36 :: CMD /usr/local/bin/wgrib2 /Users/leecarlaw/scripts/meso/IO/data/2019-01-01/02/hrrr.t02z.wrfnatf01.grib2 -new_grid lambert:262.5:38.5 -105:240:13545.000000 25:210:13545.000000 /Users/leecarlaw/scripts/meso/IO/data/2019-01-01/02/hrrr.t02z.wrfnatf01.grib2.reduced
INFO 2021-09-22 22:23:39 :: Removed /Users/leecarlaw/scripts/meso/IO/data/2019-01-01/02/hrrr.t02z.wrfnatf01.grib2
INFO 2021-09-22 22:23:40 :: Success downloading files
INFO 2021-09-22 22:24:22 :: 

INFO 2021-09-22 22:24:22 :: ----> New download processing
INFO 2021-09-22 22:24:22 :: Download source: NOMADS
INFO 2021-09-22 22:24:22 :: Target file: /Users/leecarlaw/scripts/meso/IO/data/2021-09-23/02/rap.t02z.awp130bgrbf01.grib2
INFO 2021-09-22 22:24:22 :: Download source: NOMADS
INFO 2021-09-22 22:24:22 :: Target file: /Users/leecarlaw/scripts/meso/IO/data/2021-09-23/02/rap.t02z.awp130bgrbf02.grib2
INFO 2021-09-22 22:24:22 :: Data already exists locally at /Users/leecarlaw/scripts/meso/IO/data/2021-09-23/02/rap.t02z.awp130bgrbf01.grib2.reduced
INFO 2021-09-22 22:24:22 :: Data already exists locally at /Users/leecarlaw/scripts/meso/IO/data/2021-09-23/02/rap.t02z.awp130bgrbf02.grib2.reduced
INFO 2021-09-22 22:24:22 :: Success downloading files
INFO 2021-09-22 22:25:10 :: 

INFO 2021-09-22 22:25:10 :: ----> New download processing
INFO 2021-09-22 22:25:10 :: Download source: NOMADS
INFO 2021-09-22 22:25:10 :: Target file: /Users/leecarlaw/scripts/meso/IO/data/2021-09-23/02/rap.t02z.awp130bgrbf01.grib2
INFO 2021-09-22 22:25:10 :: Download source: NOMADS
INFO 2021-09-22 22:25:10 :: Target file: /Users/leecarlaw/scripts/meso/IO/data/2021-09-23/02/rap.t02z.awp130bgrbf02.grib2
INFO 2021-09-22 22:25:10 :: Data already exists locally at /Users/leecarlaw/scripts/meso/IO/data/2021-09-23/02/rap.t02z.awp130bgrbf01.grib2.reduced
INFO 2021-09-22 22:25:10 :: Data already exists locally at /Users/leecarlaw/scripts/meso/IO/data/2021-09-23/02/rap.t02z.awp130bgrbf02.grib2.reduced
INFO 2021-09-22 22:25:10 :: Success downloading files
INFO 2021-09-22 22:25:19 :: 

INFO 2021-09-22 22:25:19 :: ----> New download processing
INFO 2021-09-22 22:25:19 :: Download source: NOMADS
INFO 2021-09-22 22:25:19 :: Target file: /Users/leecarlaw/scripts/meso/IO/data/2021-09-23/02/hrrr.t02z.wrfnatf01.grib2
INFO 2021-09-22 22:25:20 :: Download source: NOMADS
INFO 2021-09-22 22:25:20 :: Target file: /Users/leecarlaw/scripts/meso/IO/data/2021-09-23/02/hrrr.t02z.wrfnatf02.grib2
INFO 2021-09-22 22:26:33 :: CMD /usr/local/bin/wgrib2 /Users/leecarlaw/scripts/meso/IO/data/2021-09-23/02/hrrr.t02z.wrfnatf02.grib2 -new_grid lambert:262.5:38.5 -105:240:13545.000000 25:210:13545.000000 /Users/leecarlaw/scripts/meso/IO/data/2021-09-23/02/hrrr.t02z.wrfnatf02.grib2.reduced
INFO 2021-09-22 22:26:33 :: CMD /usr/local/bin/wgrib2 /Users/leecarlaw/scripts/meso/IO/data/2021-09-23/02/hrrr.t02z.wrfnatf01.grib2 -new_grid lambert:262.5:38.5 -105:240:13545.000000 25:210:13545.000000 /Users/leecarlaw/scripts/meso/IO/data/2021-09-23/02/hrrr.t02z.wrfnatf01.grib2.reduced
INFO 2021-09-22 22:26:38 :: Removed /Users/leecarlaw/scripts/meso/IO/data/2021-09-23/02/hrrr.t02z.wrfnatf02.grib2
INFO 2021-09-22 22:26:38 :: Removed /Users/leecarlaw/scripts/meso/IO/data/2021-09-23/02/hrrr.t02z.wrfnatf01.grib2
INFO 2021-09-22 22:26:38 :: Success downloading files
INFO 2021-09-22 22:27:12 :: 

INFO 2021-09-22 22:27:12 :: ----> New download processing
INFO 2021-09-22 22:27:13 :: Download source: NOMADS
INFO 2021-09-22 22:27:13 :: Target file: /Users/leecarlaw/scripts/meso/IO/data/2021-09-23/02/rap.t02z.awp130bgrbf01.grib2
INFO 2021-09-22 22:27:13 :: Download source: NOMADS
INFO 2021-09-22 22:27:13 :: Target file: /Users/leecarlaw/scripts/meso/IO/data/2021-09-23/02/rap.t02z.awp130bgrbf02.grib2
INFO 2021-09-22 22:27:13 :: URL: https://nomads.ncep.noaa.gov/pub/data/nccf/com/rap/prod/rap.20210923/rap.t02z.awp130bgrbf01.grib2
INFO 2021-09-22 22:27:13 :: URL: https://nomads.ncep.noaa.gov/pub/data/nccf/com/rap/prod/rap.20210923/rap.t02z.awp130bgrbf02.grib2
INFO 2021-09-22 22:27:13 :: Data already exists locally at /Users/leecarlaw/scripts/meso/IO/data/2021-09-23/02/rap.t02z.awp130bgrbf01.grib2.reduced
INFO 2021-09-22 22:27:13 :: Data already exists locally at /Users/leecarlaw/scripts/meso/IO/data/2021-09-23/02/rap.t02z.awp130bgrbf02.grib2.reduced
INFO 2021-09-22 22:27:13 :: Success downloading files
INFO 2021-09-22 22:27:29 :: 

INFO 2021-09-22 22:27:29 :: ----> New download processing
WARNING 2021-09-22 22:27:29 :: Only 1 hour of forecast data available. Setting -n to 1
INFO 2021-09-22 22:27:30 :: Target file: /Users/leecarlaw/scripts/meso/IO/data/2019-01-01/02/rap.t02z.awp130bgrbf01.grib2
ERROR 2021-09-22 22:27:30 :: Some or all requested data was not found. Check user inputs.
ERROR 2021-09-22 22:27:30 :: Expected 1 files but found 0
INFO 2021-09-22 22:28:19 :: 

INFO 2021-09-22 22:28:19 :: ----> New download processing
WARNING 2021-09-22 22:28:19 :: Only 1 hour of forecast data available. Setting -n to 1
INFO 2021-09-22 22:28:21 :: Target file: /Users/leecarlaw/scripts/meso/IO/data/2019-01-01/02/rap.t02z.awp130bgrbf01.grib2
ERROR 2021-09-22 22:28:21 :: Some or all requested data was not found. Check user inputs.
ERROR 2021-09-22 22:28:21 :: Expected 1 files but found 0
INFO 2021-09-22 22:28:34 :: 

INFO 2021-09-22 22:28:34 :: ----> New download processing
WARNING 2021-09-22 22:28:34 :: Only 1 hour of forecast data available. Setting -n to 1
INFO 2021-09-22 22:28:36 :: Target file: /Users/leecarlaw/scripts/meso/IO/data/2019-01-01/02/rap.t02z.awp130bgrbf01.grib2
ERROR 2021-09-22 22:28:36 :: Some or all requested data was not found. Check user inputs.
ERROR 2021-09-22 22:28:36 :: Expected 1 files but found 0
INFO 2021-09-22 22:28:57 :: 

INFO 2021-09-22 22:28:57 :: ----> New download processing
WARNING 2021-09-22 22:28:57 :: Only 1 hour of forecast data available. Setting -n to 1
INFO 2021-09-22 22:28:59 :: Target file: /Users/leecarlaw/scripts/meso/IO/data/2019-01-01/02/rap.t02z.awp130bgrbf01.grib2
ERROR 2021-09-22 22:28:59 :: Some or all requested data was not found. Check user inputs.
ERROR 2021-09-22 22:28:59 :: Expected 1 files but found 0
INFO 2021-09-22 22:30:39 :: 

INFO 2021-09-22 22:30:39 :: ----> New download processing
WARNING 2021-09-22 22:30:39 :: Only 1 hour of forecast data available. Setting -n to 1
INFO 2021-09-22 22:30:41 :: Download source: THREDDS
INFO 2021-09-22 22:30:41 :: Target file: /Users/leecarlaw/scripts/meso/IO/data/2010-07-28/21/ruc-ncei.t21z.awp130pgrbf01.grib2
INFO 2021-09-22 22:30:41 :: URL: https://www.ncei.noaa.gov/thredds/fileServer/model-ruc130anl/201007/20100728/ruc2anl_130_20100728_2100_001.grb2
INFO 2021-09-22 22:30:44 :: CMD /usr/local/bin/wgrib2 /Users/leecarlaw/scripts/meso/IO/data/2010-07-28/21/ruc-ncei.t21z.awp130pgrbf01.grib2 -new_grid_order - junk | /usr/local/bin/wgrib2 - -new_grid lambert:262.5:38.5 -105:240:13545.000000 25:210:13545.000000 /Users/leecarlaw/scripts/meso/IO/data/2010-07-28/21/ruc-ncei.t21z.awp130pgrbf01.grib2.reduced
INFO 2021-09-22 22:30:53 :: Removed /Users/leecarlaw/scripts/meso/IO/data/2010-07-28/21/ruc-ncei.t21z.awp130pgrbf01.grib2
INFO 2021-09-22 22:30:53 :: Success downloading files
INFO 2021-09-22 22:31:48 :: 

INFO 2021-09-22 22:31:48 :: ----> New download processing
WARNING 2021-09-22 22:31:48 :: Only 1 hour of forecast data available. Setting -n to 1
INFO 2021-09-22 22:31:50 :: Download source: THREDDS
INFO 2021-09-22 22:31:50 :: Target file: /Users/leecarlaw/scripts/meso/IO/data/2010-07-28/21/ruc-ncei.t21z.awp130pgrbf01.grib2
INFO 2021-09-22 22:31:51 :: URL: https://www.ncei.noaa.gov/thredds/fileServer/model-ruc130anl/201007/20100728/ruc2anl_130_20100728_2100_001.grb2
INFO 2021-09-22 22:31:51 :: Data already exists locally at /Users/leecarlaw/scripts/meso/IO/data/2010-07-28/21/ruc-ncei.t21z.awp130pgrbf01.grib2.reduced
INFO 2021-09-22 22:31:51 :: Success downloading files
INFO 2021-09-22 22:32:24 :: 

INFO 2021-09-22 22:32:24 :: ----> New download processing
WARNING 2021-09-22 22:32:24 :: Only 1 hour of forecast data available. Setting -n to 1
INFO 2021-09-22 22:32:26 :: Download source: THREDDS
INFO 2021-09-22 22:32:26 :: URL: https://www.ncei.noaa.gov/thredds/fileServer/model-ruc130anl/201007/20100728/ruc2anl_130_20100728_2100_001.grb2
INFO 2021-09-22 22:32:26 :: Target file: /Users/leecarlaw/scripts/meso/IO/data/2010-07-28/21/ruc-ncei.t21z.awp130pgrbf01.grib2
INFO 2021-09-22 22:32:26 :: URL: https://www.ncei.noaa.gov/thredds/fileServer/model-ruc130anl/201007/20100728/ruc2anl_130_20100728_2100_001.grb2
INFO 2021-09-22 22:32:26 :: Data already exists locally at /Users/leecarlaw/scripts/meso/IO/data/2010-07-28/21/ruc-ncei.t21z.awp130pgrbf01.grib2.reduced
INFO 2021-09-22 22:32:26 :: Success downloading files
INFO 2021-09-22 22:33:56 :: 

INFO 2021-09-22 22:33:56 :: ----> New download processing
WARNING 2021-09-22 22:33:56 :: Only 1 hour of forecast data available. Setting -n to 1
INFO 2021-09-22 22:33:57 :: Download source: THREDDS
INFO 2021-09-22 22:33:57 :: URL: https://www.ncei.noaa.gov/thredds/fileServer/model-rap130anl-old/202005/20200514/rap_130_20200514_2300_001.grb2
INFO 2021-09-22 22:33:57 :: Target file: /Users/leecarlaw/scripts/meso/IO/data/2020-05-14/23/rap-ncei.t23z.awp130pgrbf01.grib2
INFO 2021-09-22 22:33:57 :: URL: https://www.ncei.noaa.gov/thredds/fileServer/model-rap130anl-old/202005/20200514/rap_130_20200514_2300_001.grb2
INFO 2021-09-22 22:33:59 :: CMD /usr/local/bin/wgrib2 /Users/leecarlaw/scripts/meso/IO/data/2020-05-14/23/rap-ncei.t23z.awp130pgrbf01.grib2 -new_grid_order - junk | /usr/local/bin/wgrib2 - -new_grid lambert:262.5:38.5 -105:240:13545.000000 25:210:13545.000000 /Users/leecarlaw/scripts/meso/IO/data/2020-05-14/23/rap-ncei.t23z.awp130pgrbf01.grib2.reduced
INFO 2021-09-22 22:34:07 :: Removed /Users/leecarlaw/scripts/meso/IO/data/2020-05-14/23/rap-ncei.t23z.awp130pgrbf01.grib2
INFO 2021-09-22 22:34:07 :: Success downloading files
INFO 2021-09-22 22:34:51 :: 

INFO 2021-09-22 22:34:51 :: ----> New download processing
WARNING 2021-09-22 22:34:51 :: Only 1 hour of forecast data available. Setting -n to 1
WARNING 2021-09-22 22:34:51 :: Could not find data at https://nomads.ncep.noaa.gov/pub/data/nccf/com/rap/prod/rap.20190101/rap.t02z.awp130bgrbf01.grib2
WARNING 2021-09-22 22:34:51 :: Could not find data at https://storage.googleapis.com/rapid-refresh/rap.20190101/rap.t02z.awp130bgrbf01.grib2
WARNING 2021-09-22 22:34:51 :: Could not find data at https://ftpprd.ncep.noaa.gov/data/nccf/com/rap/prod/rap.20190101/rap.t02z.awp130bgrbf01.grib2
WARNING 2021-09-22 22:34:52 :: Could not find data at https://www.ncei.noaa.gov/thredds/fileServer/model-ruc130anl/201901/20190101/ruc2anl_130_20190101_0200_001.grb2
INFO 2021-09-22 22:34:52 :: Target file: /Users/leecarlaw/scripts/meso/IO/data/2019-01-01/02/rap.t02z.awp130bgrbf01.grib2
ERROR 2021-09-22 22:34:52 :: Some or all requested data was not found.
ERROR 2021-09-22 22:34:52 :: Expected 1 files but found 0
INFO 2021-09-22 22:36:21 :: 

INFO 2021-09-22 22:36:21 :: ----> New download processing
WARNING 2021-09-22 22:36:21 :: Only 1 hour of forecast data available. Setting -n to 1
INFO 2021-09-22 22:36:23 :: Target file: /Users/leecarlaw/scripts/meso/IO/data/2019-01-01/02/rap.t02z.awp130bgrbf01.grib2
ERROR 2021-09-22 22:36:23 :: Some or all requested data was not found.
ERROR 2021-09-22 22:36:23 :: Expected 1 files but found 0
INFO 2021-09-22 22:36:27 :: 

INFO 2021-09-22 22:36:27 :: ----> New download processing
ERROR 2021-09-22 22:36:27 :: Bad model type passed
INFO 2021-09-22 22:36:33 :: 

INFO 2021-09-22 22:36:33 :: ----> New download processing
ERROR 2021-09-22 22:36:33 :: Bad model type passed
INFO 2021-09-22 22:36:39 :: 

INFO 2021-09-22 22:36:39 :: ----> New download processing
INFO 2021-09-22 22:36:40 :: Download source: NOMADS
INFO 2021-09-22 22:36:40 :: URL: https://nomads.ncep.noaa.gov/pub/data/nccf/com/rap/prod/rap.20210923/rap.t02z.awp130bgrbf01.grib2
INFO 2021-09-22 22:36:40 :: Target file: /Users/leecarlaw/scripts/meso/IO/data/2021-09-23/02/rap.t02z.awp130bgrbf01.grib2
INFO 2021-09-22 22:36:40 :: Download source: NOMADS
INFO 2021-09-22 22:36:40 :: URL: https://nomads.ncep.noaa.gov/pub/data/nccf/com/rap/prod/rap.20210923/rap.t02z.awp130bgrbf02.grib2
INFO 2021-09-22 22:36:40 :: Target file: /Users/leecarlaw/scripts/meso/IO/data/2021-09-23/02/rap.t02z.awp130bgrbf02.grib2
INFO 2021-09-22 22:36:40 :: URL: https://nomads.ncep.noaa.gov/pub/data/nccf/com/rap/prod/rap.20210923/rap.t02z.awp130bgrbf01.grib2
INFO 2021-09-22 22:36:40 :: Data already exists locally at /Users/leecarlaw/scripts/meso/IO/data/2021-09-23/02/rap.t02z.awp130bgrbf01.grib2.reduced
INFO 2021-09-22 22:36:40 :: URL: https://nomads.ncep.noaa.gov/pub/data/nccf/com/rap/prod/rap.20210923/rap.t02z.awp130bgrbf02.grib2
INFO 2021-09-22 22:36:40 :: Data already exists locally at /Users/leecarlaw/scripts/meso/IO/data/2021-09-23/02/rap.t02z.awp130bgrbf02.grib2.reduced
INFO 2021-09-22 22:36:40 :: Success downloading files
INFO 2021-09-22 22:37:03 :: 

INFO 2021-09-22 22:37:03 :: ----> New download processing
INFO 2021-09-22 22:37:03 :: Download source: NOMADS
INFO 2021-09-22 22:37:03 :: URL: https://nomads.ncep.noaa.gov/pub/data/nccf/com/rap/prod/rap.20210923/rap.t02z.awp130bgrbf01.grib2
INFO 2021-09-22 22:37:03 :: Target file: /Users/leecarlaw/scripts/meso/IO/data/2021-09-23/02/rap.t02z.awp130bgrbf01.grib2
INFO 2021-09-22 22:37:04 :: Download source: NOMADS
INFO 2021-09-22 22:37:04 :: URL: https://nomads.ncep.noaa.gov/pub/data/nccf/com/rap/prod/rap.20210923/rap.t02z.awp130bgrbf02.grib2
INFO 2021-09-22 22:37:04 :: Target file: /Users/leecarlaw/scripts/meso/IO/data/2021-09-23/02/rap.t02z.awp130bgrbf02.grib2
INFO 2021-09-22 22:37:04 :: URL: https://nomads.ncep.noaa.gov/pub/data/nccf/com/rap/prod/rap.20210923/rap.t02z.awp130bgrbf01.grib2
INFO 2021-09-22 22:37:04 :: Data already exists locally at /Users/leecarlaw/scripts/meso/IO/data/2021-09-23/02/rap.t02z.awp130bgrbf01.grib2.reduced
INFO 2021-09-22 22:37:04 :: URL: https://nomads.ncep.noaa.gov/pub/data/nccf/com/rap/prod/rap.20210923/rap.t02z.awp130bgrbf02.grib2
INFO 2021-09-22 22:37:04 :: Data already exists locally at /Users/leecarlaw/scripts/meso/IO/data/2021-09-23/02/rap.t02z.awp130bgrbf02.grib2.reduced
INFO 2021-09-22 22:37:04 :: Success downloading files
INFO 2021-09-22 22:37:07 :: 

INFO 2021-09-22 22:37:07 :: ----> New download processing
ERROR 2021-09-22 22:37:07 :: Bad model type passed
INFO 2021-09-22 22:37:28 :: 

INFO 2021-09-22 22:37:28 :: ----> New download processing
INFO 2021-09-22 22:37:28 :: Download source: NOMADS
INFO 2021-09-22 22:37:28 :: URL: https://nomads.ncep.noaa.gov/pub/data/nccf/com/rap/prod/rap.20210923/rap.t02z.awp130bgrbf01.grib2
INFO 2021-09-22 22:37:28 :: Target file: /Users/leecarlaw/scripts/meso/IO/data/2021-09-23/02/rap.t02z.awp130bgrbf01.grib2
INFO 2021-09-22 22:37:28 :: Download source: NOMADS
INFO 2021-09-22 22:37:28 :: URL: https://nomads.ncep.noaa.gov/pub/data/nccf/com/rap/prod/rap.20210923/rap.t02z.awp130bgrbf02.grib2
INFO 2021-09-22 22:37:28 :: Target file: /Users/leecarlaw/scripts/meso/IO/data/2021-09-23/02/rap.t02z.awp130bgrbf02.grib2
INFO 2021-09-22 22:37:29 :: URL: https://nomads.ncep.noaa.gov/pub/data/nccf/com/rap/prod/rap.20210923/rap.t02z.awp130bgrbf01.grib2
INFO 2021-09-22 22:37:29 :: Data already exists locally at /Users/leecarlaw/scripts/meso/IO/data/2021-09-23/02/rap.t02z.awp130bgrbf01.grib2.reduced
INFO 2021-09-22 22:37:29 :: URL: https://nomads.ncep.noaa.gov/pub/data/nccf/com/rap/prod/rap.20210923/rap.t02z.awp130bgrbf02.grib2
INFO 2021-09-22 22:37:29 :: Data already exists locally at /Users/leecarlaw/scripts/meso/IO/data/2021-09-23/02/rap.t02z.awp130bgrbf02.grib2.reduced
INFO 2021-09-22 22:37:29 :: Success downloading files
INFO 2021-09-22 22:38:49 :: 

INFO 2021-09-22 22:38:49 :: ----> New download processing
INFO 2021-09-22 22:38:49 :: Download source: NOMADS
INFO 2021-09-22 22:38:49 :: URL: https://nomads.ncep.noaa.gov/pub/data/nccf/com/rap/prod/rap.20210923/rap.t02z.awp130bgrbf01.grib2
INFO 2021-09-22 22:38:49 :: Target file: /Users/leecarlaw/scripts/meso/IO/data/2021-09-23/02/rap.t02z.awp130bgrbf01.grib2
INFO 2021-09-22 22:38:49 :: Download source: NOMADS
INFO 2021-09-22 22:38:49 :: URL: https://nomads.ncep.noaa.gov/pub/data/nccf/com/rap/prod/rap.20210923/rap.t02z.awp130bgrbf02.grib2
INFO 2021-09-22 22:38:49 :: Target file: /Users/leecarlaw/scripts/meso/IO/data/2021-09-23/02/rap.t02z.awp130bgrbf02.grib2
INFO 2021-09-22 22:38:49 :: URL: https://nomads.ncep.noaa.gov/pub/data/nccf/com/rap/prod/rap.20210923/rap.t02z.awp130bgrbf01.grib2
INFO 2021-09-22 22:38:49 :: Data already exists locally at /Users/leecarlaw/scripts/meso/IO/data/2021-09-23/02/rap.t02z.awp130bgrbf01.grib2.reduced
INFO 2021-09-22 22:38:49 :: URL: https://nomads.ncep.noaa.gov/pub/data/nccf/com/rap/prod/rap.20210923/rap.t02z.awp130bgrbf02.grib2
INFO 2021-09-22 22:38:49 :: Data already exists locally at /Users/leecarlaw/scripts/meso/IO/data/2021-09-23/02/rap.t02z.awp130bgrbf02.grib2.reduced
INFO 2021-09-22 22:38:49 :: Success downloading files
INFO 2021-09-22 22:40:38 :: 

INFO 2021-09-22 22:40:38 :: ----> New download processing
INFO 2021-09-22 22:40:38 :: Download source: NOMADS
INFO 2021-09-22 22:40:38 :: URL: https://nomads.ncep.noaa.gov/pub/data/nccf/com/rap/prod/rap.20210923/rap.t02z.awp130bgrbf01.grib2
INFO 2021-09-22 22:40:38 :: Target file: /Users/leecarlaw/scripts/meso/IO/data/2021-09-23/02/rap.t02z.awp130bgrbf01.grib2
INFO 2021-09-22 22:40:39 :: Download source: NOMADS
INFO 2021-09-22 22:40:39 :: URL: https://nomads.ncep.noaa.gov/pub/data/nccf/com/rap/prod/rap.20210923/rap.t02z.awp130bgrbf02.grib2
INFO 2021-09-22 22:40:39 :: Target file: /Users/leecarlaw/scripts/meso/IO/data/2021-09-23/02/rap.t02z.awp130bgrbf02.grib2
INFO 2021-09-22 22:40:39 :: URL: https://nomads.ncep.noaa.gov/pub/data/nccf/com/rap/prod/rap.20210923/rap.t02z.awp130bgrbf01.grib2
INFO 2021-09-22 22:40:39 :: URL: https://nomads.ncep.noaa.gov/pub/data/nccf/com/rap/prod/rap.20210923/rap.t02z.awp130bgrbf02.grib2
INFO 2021-09-22 22:40:39 :: Data already exists locally at /Users/leecarlaw/scripts/meso/IO/data/2021-09-23/02/rap.t02z.awp130bgrbf01.grib2.reduced
INFO 2021-09-22 22:40:39 :: Data already exists locally at /Users/leecarlaw/scripts/meso/IO/data/2021-09-23/02/rap.t02z.awp130bgrbf02.grib2.reduced
INFO 2021-09-22 22:40:39 :: Success downloading files
INFO 2021-09-22 22:40:50 :: 

INFO 2021-09-22 22:40:50 :: ----> New download processing
INFO 2021-09-22 22:40:50 :: Download source: NOMADS
INFO 2021-09-22 22:40:50 :: URL: https://nomads.ncep.noaa.gov/pub/data/nccf/com/rap/prod/rap.20210923/rap.t02z.awp130bgrbf01.grib2
INFO 2021-09-22 22:40:50 :: Target file: /Users/leecarlaw/scripts/meso/IO/data/2021-09-23/02/rap.t02z.awp130bgrbf01.grib2
INFO 2021-09-22 22:40:50 :: Download source: NOMADS
INFO 2021-09-22 22:40:50 :: URL: https://nomads.ncep.noaa.gov/pub/data/nccf/com/rap/prod/rap.20210923/rap.t02z.awp130bgrbf02.grib2
INFO 2021-09-22 22:40:50 :: Target file: /Users/leecarlaw/scripts/meso/IO/data/2021-09-23/02/rap.t02z.awp130bgrbf02.grib2
INFO 2021-09-22 22:40:51 :: URL: https://nomads.ncep.noaa.gov/pub/data/nccf/com/rap/prod/rap.20210923/rap.t02z.awp130bgrbf01.grib2
INFO 2021-09-22 22:40:51 :: URL: https://nomads.ncep.noaa.gov/pub/data/nccf/com/rap/prod/rap.20210923/rap.t02z.awp130bgrbf02.grib2
INFO 2021-09-22 22:40:56 :: CMD /usr/local/bin/wgrib2 /Users/leecarlaw/scripts/meso/IO/data/2021-09-23/02/rap.t02z.awp130bgrbf01.grib2 -new_grid lambert:262.5:38.5 -105:240:13545.000000 25:210:13545.000000 /Users/leecarlaw/scripts/meso/IO/data/2021-09-23/02/rap.t02z.awp130bgrbf01.grib2.reduced
INFO 2021-09-22 22:40:56 :: CMD /usr/local/bin/wgrib2 /Users/leecarlaw/scripts/meso/IO/data/2021-09-23/02/rap.t02z.awp130bgrbf02.grib2 -new_grid lambert:262.5:38.5 -105:240:13545.000000 25:210:13545.000000 /Users/leecarlaw/scripts/meso/IO/data/2021-09-23/02/rap.t02z.awp130bgrbf02.grib2.reduced
INFO 2021-09-22 22:41:07 :: Removed /Users/leecarlaw/scripts/meso/IO/data/2021-09-23/02/rap.t02z.awp130bgrbf01.grib2
INFO 2021-09-22 22:41:07 :: Removed /Users/leecarlaw/scripts/meso/IO/data/2021-09-23/02/rap.t02z.awp130bgrbf02.grib2
INFO 2021-09-22 22:41:07 :: Success downloading files
INFO 2021-09-22 22:42:19 :: 

INFO 2021-09-22 22:42:19 :: ----> New download processing
INFO 2021-09-22 22:42:19 :: Download source: NOMADS
INFO 2021-09-22 22:42:19 :: URL: https://nomads.ncep.noaa.gov/pub/data/nccf/com/rap/prod/rap.20210923/rap.t02z.awp130bgrbf01.grib2
INFO 2021-09-22 22:42:19 :: Target file: /Users/leecarlaw/scripts/meso/IO/data/2021-09-23/02/rap.t02z.awp130bgrbf01.grib2
INFO 2021-09-22 22:42:20 :: Download source: NOMADS
INFO 2021-09-22 22:42:20 :: URL: https://nomads.ncep.noaa.gov/pub/data/nccf/com/rap/prod/rap.20210923/rap.t02z.awp130bgrbf02.grib2
INFO 2021-09-22 22:42:20 :: Target file: /Users/leecarlaw/scripts/meso/IO/data/2021-09-23/02/rap.t02z.awp130bgrbf02.grib2
INFO 2021-09-22 22:42:20 :: URL: https://nomads.ncep.noaa.gov/pub/data/nccf/com/rap/prod/rap.20210923/rap.t02z.awp130bgrbf01.grib2
INFO 2021-09-22 22:42:20 :: URL: https://nomads.ncep.noaa.gov/pub/data/nccf/com/rap/prod/rap.20210923/rap.t02z.awp130bgrbf02.grib2
ERROR 2021-09-22 22:54:59 :: /usr/local/bin/wgetasda not found on filesystem. Check configs.py file.
ERROR 2021-09-22 22:55:19 :: /usr/local/bin/wgetasda not found on filesystem. Check configs.py file.
ERROR 2021-09-22 22:56:11 :: /usr/local/bin/wgetasda not found on filesystem. Check configs.py file.
INFO 2021-09-22 22:56:29 :: 

INFO 2021-09-22 22:56:29 :: ----> New download processing
INFO 2021-09-22 22:56:29 :: Download source: NOMADS
INFO 2021-09-22 22:56:29 :: URL: https://nomads.ncep.noaa.gov/pub/data/nccf/com/rap/prod/rap.20210923/rap.t03z.awp130bgrbf01.grib2
INFO 2021-09-22 22:56:29 :: Target file: /Users/leecarlaw/scripts/meso/IO/data/2021-09-23/03/rap.t03z.awp130bgrbf01.grib2
INFO 2021-09-22 22:56:30 :: Download source: NOMADS
INFO 2021-09-22 22:56:30 :: URL: https://nomads.ncep.noaa.gov/pub/data/nccf/com/rap/prod/rap.20210923/rap.t03z.awp130bgrbf02.grib2
INFO 2021-09-22 22:56:30 :: Target file: /Users/leecarlaw/scripts/meso/IO/data/2021-09-23/03/rap.t03z.awp130bgrbf02.grib2
INFO 2021-09-22 22:56:30 :: URL: https://nomads.ncep.noaa.gov/pub/data/nccf/com/rap/prod/rap.20210923/rap.t03z.awp130bgrbf01.grib2
INFO 2021-09-22 22:56:30 :: URL: https://nomads.ncep.noaa.gov/pub/data/nccf/com/rap/prod/rap.20210923/rap.t03z.awp130bgrbf02.grib2
INFO 2021-09-22 22:56:35 :: CMD /usr/local/bin/wgrib2 /Users/leecarlaw/scripts/meso/IO/data/2021-09-23/03/rap.t03z.awp130bgrbf01.grib2 -new_grid lambert:262.5:38.5 -105:240:13545.000000 25:210:13545.000000 /Users/leecarlaw/scripts/meso/IO/data/2021-09-23/03/rap.t03z.awp130bgrbf01.grib2.reduced
INFO 2021-09-22 22:56:35 :: CMD /usr/local/bin/wgrib2 /Users/leecarlaw/scripts/meso/IO/data/2021-09-23/03/rap.t03z.awp130bgrbf02.grib2 -new_grid lambert:262.5:38.5 -105:240:13545.000000 25:210:13545.000000 /Users/leecarlaw/scripts/meso/IO/data/2021-09-23/03/rap.t03z.awp130bgrbf02.grib2.reduced
INFO 2021-09-22 22:56:46 :: Removed /Users/leecarlaw/scripts/meso/IO/data/2021-09-23/03/rap.t03z.awp130bgrbf01.grib2
INFO 2021-09-22 22:56:47 :: Removed /Users/leecarlaw/scripts/meso/IO/data/2021-09-23/03/rap.t03z.awp130bgrbf02.grib2
INFO 2021-09-22 22:56:47 :: Success downloading files
